This is pdfTeX, Version 3.141592653-2.6-1.40.27 (TeX Live 2025) (preloaded format=pdflatex 2025.10.19)  1 DEC 2025 17:50
entering extended mode
 restricted \write18 enabled.
 file:line:error style messages enabled.
 %&-line parsing enabled.
**"f:/OneDrive_Files/OneDrive - CUHK-Shenzhen/onedrive_container/TASKS/USING_Term3.1/DDA3020/Assignment/Project/iclr2026/report_hull_tactical.tex"
(f:/OneDrive_Files/OneDrive - CUHK-Shenzhen/onedrive_container/TASKS/USING_Term3.1/DDA3020/Assignment/Project/iclr2026/report_hull_tactical.tex
LaTeX2e <2024-11-01> patch level 2
L3 programming layer <2025-01-18>
(f:/seldom_used_app/latex/texlive/2025/texmf-dist/tex/latex/base/article.cls
Document Class: article 2024/06/29 v1.4n Standard LaTeX document class
(f:/seldom_used_app/latex/texlive/2025/texmf-dist/tex/latex/base/size10.clo
File: size10.clo 2024/06/29 v1.4n Standard LaTeX file (size option)
)
\c@part=\count196
\c@section=\count197
\c@subsection=\count198
\c@subsubsection=\count199
\c@paragraph=\count266
\c@subparagraph=\count267
\c@figure=\count268
\c@table=\count269
\abovecaptionskip=\skip49
\belowcaptionskip=\skip50
\bibindent=\dimen141
) (./iclr2026_conference.sty (f:/seldom_used_app/latex/texlive/2025/texmf-dist/tex/latex/eso-pic/eso-pic.sty
Package: eso-pic 2023/05/03 v3.0c eso-pic (RN)
\ESO@tempdima=\dimen142
\ESO@tempdimb=\dimen143
 (f:/seldom_used_app/latex/texlive/2025/texmf-dist/tex/latex/graphics/keyval.sty
Package: keyval 2022/05/29 v1.15 key=value parser (DPC)
\KV@toks@=\toks17
) (f:/seldom_used_app/latex/texlive/2025/texmf-dist/tex/latex/xcolor/xcolor.sty
Package: xcolor 2024/09/29 v3.02 LaTeX color extensions (UK)
 (f:/seldom_used_app/latex/texlive/2025/texmf-dist/tex/latex/graphics-cfg/color.cfg
File: color.cfg 2016/01/02 v1.6 sample color configuration
)
Package xcolor Info: Driver file: pdftex.def on input line 274.
 (f:/seldom_used_app/latex/texlive/2025/texmf-dist/tex/latex/graphics-def/pdftex.def
File: pdftex.def 2024/04/13 v1.2c Graphics/color driver for pdftex
) (f:/seldom_used_app/latex/texlive/2025/texmf-dist/tex/latex/graphics/mathcolor.ltx)
Package xcolor Info: Model `cmy' substituted by `cmy0' on input line 1349.
Package xcolor Info: Model `hsb' substituted by `rgb' on input line 1353.
Package xcolor Info: Model `RGB' extended on input line 1365.
Package xcolor Info: Model `HTML' substituted by `rgb' on input line 1367.
Package xcolor Info: Model `Hsb' substituted by `hsb' on input line 1368.
Package xcolor Info: Model `tHsb' substituted by `hsb' on input line 1369.
Package xcolor Info: Model `HSB' substituted by `hsb' on input line 1370.
Package xcolor Info: Model `Gray' substituted by `gray' on input line 1371.
Package xcolor Info: Model `wave' substituted by `hsb' on input line 1372.
)) (./fancyhdr.sty
\fancy@headwidth=\skip51
\f@ncyO@elh=\skip52
\f@ncyO@erh=\skip53
\f@ncyO@olh=\skip54
\f@ncyO@orh=\skip55
\f@ncyO@elf=\skip56
\f@ncyO@erf=\skip57
\f@ncyO@olf=\skip58
\f@ncyO@orf=\skip59
) (./natbib.sty
Package: natbib 2009/07/16 8.31 (PWD, AO)
\bibhang=\skip60
\bibsep=\skip61
LaTeX Info: Redefining \cite on input line 694.
\c@NAT@ctr=\count270
)
\iclrrulerbox=\box52
\iclrrulercount=\count271
\iclrruleroffset=\dimen144
\cv@lineheight=\dimen145
\cv@boxheight=\dimen146
\cv@tmpbox=\box53
\cv@refno=\count272
\cv@tot=\count273
\cv@tmpc@=\count274
\cv@tmpc=\count275
) (f:/seldom_used_app/latex/texlive/2025/texmf-dist/tex/latex/psnfss/times.sty
Package: times 2020/03/25 PSNFSS-v9.3 (SPQR) 
) (./math_commands.tex (f:/seldom_used_app/latex/texlive/2025/texmf-dist/tex/latex/amsmath/amsmath.sty
Package: amsmath 2024/11/05 v2.17t AMS math features
\@mathmargin=\skip62

For additional information on amsmath, use the `?' option.
(f:/seldom_used_app/latex/texlive/2025/texmf-dist/tex/latex/amsmath/amstext.sty
Package: amstext 2021/08/26 v2.01 AMS text
 (f:/seldom_used_app/latex/texlive/2025/texmf-dist/tex/latex/amsmath/amsgen.sty
File: amsgen.sty 1999/11/30 v2.0 generic functions
\@emptytoks=\toks18
\ex@=\dimen147
)) (f:/seldom_used_app/latex/texlive/2025/texmf-dist/tex/latex/amsmath/amsbsy.sty
Package: amsbsy 1999/11/29 v1.2d Bold Symbols
\pmbraise@=\dimen148
) (f:/seldom_used_app/latex/texlive/2025/texmf-dist/tex/latex/amsmath/amsopn.sty
Package: amsopn 2022/04/08 v2.04 operator names
)
\inf@bad=\count276
LaTeX Info: Redefining \frac on input line 233.
\uproot@=\count277
\leftroot@=\count278
LaTeX Info: Redefining \overline on input line 398.
LaTeX Info: Redefining \colon on input line 409.
\classnum@=\count279
\DOTSCASE@=\count280
LaTeX Info: Redefining \ldots on input line 495.
LaTeX Info: Redefining \dots on input line 498.
LaTeX Info: Redefining \cdots on input line 619.
\Mathstrutbox@=\box54
\strutbox@=\box55
LaTeX Info: Redefining \big on input line 721.
LaTeX Info: Redefining \Big on input line 722.
LaTeX Info: Redefining \bigg on input line 723.
LaTeX Info: Redefining \Bigg on input line 724.
\big@size=\dimen149
LaTeX Font Info:    Redeclaring font encoding OML on input line 742.
LaTeX Font Info:    Redeclaring font encoding OMS on input line 743.
\macc@depth=\count281
LaTeX Info: Redefining \bmod on input line 904.
LaTeX Info: Redefining \pmod on input line 909.
LaTeX Info: Redefining \smash on input line 939.
LaTeX Info: Redefining \relbar on input line 969.
LaTeX Info: Redefining \Relbar on input line 970.
\c@MaxMatrixCols=\count282
\dotsspace@=\muskip17
\c@parentequation=\count283
\dspbrk@lvl=\count284
\tag@help=\toks19
\row@=\count285
\column@=\count286
\maxfields@=\count287
\andhelp@=\toks20
\eqnshift@=\dimen150
\alignsep@=\dimen151
\tagshift@=\dimen152
\tagwidth@=\dimen153
\totwidth@=\dimen154
\lineht@=\dimen155
\@envbody=\toks21
\multlinegap=\skip63
\multlinetaggap=\skip64
\mathdisplay@stack=\toks22
LaTeX Info: Redefining \[ on input line 2953.
LaTeX Info: Redefining \] on input line 2954.
) (f:/seldom_used_app/latex/texlive/2025/texmf-dist/tex/latex/amsfonts/amsfonts.sty
Package: amsfonts 2013/01/14 v3.01 Basic AMSFonts support
\symAMSa=\mathgroup4
\symAMSb=\mathgroup5
LaTeX Font Info:    Redeclaring math symbol \hbar on input line 98.
LaTeX Font Info:    Overwriting math alphabet `\mathfrak' in version `bold'
(Font)                  U/euf/m/n --> U/euf/b/n on input line 106.
) (f:/seldom_used_app/latex/texlive/2025/texmf-dist/tex/latex/tools/bm.sty
Package: bm 2023/12/19 v1.2f Bold Symbol Support (DPC/FMi)
\symboldoperators=\mathgroup6
\symboldletters=\mathgroup7
\symboldsymbols=\mathgroup8
Package bm Info: No bold for \OMX/cmex/m/n, using \pmb.
Package bm Info: No bold for \U/msa/m/n, using \pmb.
Package bm Info: No bold for \U/msb/m/n, using \pmb.
LaTeX Font Info:    Redeclaring math alphabet \mathbf on input line 149.
)
LaTeX Font Info:    Overwriting math alphabet `\mathsfit' in version `bold'
(Font)                  OT1/phv/m/sl --> OT1/phv/bx/n on input line 314.
) (f:/seldom_used_app/latex/texlive/2025/texmf-dist/tex/latex/hyperref/hyperref.sty
Package: hyperref 2024-11-05 v7.01l Hypertext links for LaTeX
 (f:/seldom_used_app/latex/texlive/2025/texmf-dist/tex/generic/iftex/iftex.sty
Package: iftex 2024/12/12 v1.0g TeX engine tests
) (f:/seldom_used_app/latex/texlive/2025/texmf-dist/tex/latex/kvsetkeys/kvsetkeys.sty
Package: kvsetkeys 2022-10-05 v1.19 Key value parser (HO)
) (f:/seldom_used_app/latex/texlive/2025/texmf-dist/tex/generic/kvdefinekeys/kvdefinekeys.sty
Package: kvdefinekeys 2019-12-19 v1.6 Define keys (HO)
) (f:/seldom_used_app/latex/texlive/2025/texmf-dist/tex/generic/pdfescape/pdfescape.sty
Package: pdfescape 2019/12/09 v1.15 Implements pdfTeX's escape features (HO)
 (f:/seldom_used_app/latex/texlive/2025/texmf-dist/tex/generic/ltxcmds/ltxcmds.sty
Package: ltxcmds 2023-12-04 v1.26 LaTeX kernel commands for general use (HO)
) (f:/seldom_used_app/latex/texlive/2025/texmf-dist/tex/generic/pdftexcmds/pdftexcmds.sty
Package: pdftexcmds 2020-06-27 v0.33 Utility functions of pdfTeX for LuaTeX (HO)
 (f:/seldom_used_app/latex/texlive/2025/texmf-dist/tex/generic/infwarerr/infwarerr.sty
Package: infwarerr 2019/12/03 v1.5 Providing info/warning/error messages (HO)
)
Package pdftexcmds Info: \pdf@primitive is available.
Package pdftexcmds Info: \pdf@ifprimitive is available.
Package pdftexcmds Info: \pdfdraftmode found.
)) (f:/seldom_used_app/latex/texlive/2025/texmf-dist/tex/latex/hycolor/hycolor.sty
Package: hycolor 2020-01-27 v1.10 Color options for hyperref/bookmark (HO)
) (f:/seldom_used_app/latex/texlive/2025/texmf-dist/tex/latex/hyperref/nameref.sty
Package: nameref 2023-11-26 v2.56 Cross-referencing by name of section
 (f:/seldom_used_app/latex/texlive/2025/texmf-dist/tex/latex/refcount/refcount.sty
Package: refcount 2019/12/15 v3.6 Data extraction from label references (HO)
) (f:/seldom_used_app/latex/texlive/2025/texmf-dist/tex/generic/gettitlestring/gettitlestring.sty
Package: gettitlestring 2019/12/15 v1.6 Cleanup title references (HO)
 (f:/seldom_used_app/latex/texlive/2025/texmf-dist/tex/latex/kvoptions/kvoptions.sty
Package: kvoptions 2022-06-15 v3.15 Key value format for package options (HO)
))
\c@section@level=\count288
) (f:/seldom_used_app/latex/texlive/2025/texmf-dist/tex/latex/etoolbox/etoolbox.sty
Package: etoolbox 2025/02/11 v2.5l e-TeX tools for LaTeX (JAW)
\etb@tempcnta=\count289
) (f:/seldom_used_app/latex/texlive/2025/texmf-dist/tex/generic/stringenc/stringenc.sty
Package: stringenc 2019/11/29 v1.12 Convert strings between diff. encodings (HO)
)
\@linkdim=\dimen156
\Hy@linkcounter=\count290
\Hy@pagecounter=\count291
 (f:/seldom_used_app/latex/texlive/2025/texmf-dist/tex/latex/hyperref/pd1enc.def
File: pd1enc.def 2024-11-05 v7.01l Hyperref: PDFDocEncoding definition (HO)
Now handling font encoding PD1 ...
... no UTF-8 mapping file for font encoding PD1
) (f:/seldom_used_app/latex/texlive/2025/texmf-dist/tex/generic/intcalc/intcalc.sty
Package: intcalc 2019/12/15 v1.3 Expandable calculations with integers (HO)
)
\Hy@SavedSpaceFactor=\count292
 (f:/seldom_used_app/latex/texlive/2025/texmf-dist/tex/latex/hyperref/puenc.def
File: puenc.def 2024-11-05 v7.01l Hyperref: PDF Unicode definition (HO)
Now handling font encoding PU ...
... no UTF-8 mapping file for font encoding PU
)
Package hyperref Info: Hyper figures OFF on input line 4157.
Package hyperref Info: Link nesting OFF on input line 4162.
Package hyperref Info: Hyper index ON on input line 4165.
Package hyperref Info: Plain pages OFF on input line 4172.
Package hyperref Info: Backreferencing OFF on input line 4177.
Package hyperref Info: Implicit mode ON; LaTeX internals redefined.
Package hyperref Info: Bookmarks ON on input line 4424.
\c@Hy@tempcnt=\count293
 (f:/seldom_used_app/latex/texlive/2025/texmf-dist/tex/latex/url/url.sty
\Urlmuskip=\muskip18
Package: url 2013/09/16  ver 3.4  Verb mode for urls, etc.
)
LaTeX Info: Redefining \url on input line 4763.
\XeTeXLinkMargin=\dimen157
 (f:/seldom_used_app/latex/texlive/2025/texmf-dist/tex/generic/bitset/bitset.sty
Package: bitset 2019/12/09 v1.3 Handle bit-vector datatype (HO)
 (f:/seldom_used_app/latex/texlive/2025/texmf-dist/tex/generic/bigintcalc/bigintcalc.sty
Package: bigintcalc 2019/12/15 v1.5 Expandable calculations on big integers (HO)
))
\Fld@menulength=\count294
\Field@Width=\dimen158
\Fld@charsize=\dimen159
Package hyperref Info: Hyper figures OFF on input line 6042.
Package hyperref Info: Link nesting OFF on input line 6047.
Package hyperref Info: Hyper index ON on input line 6050.
Package hyperref Info: backreferencing OFF on input line 6057.
Package hyperref Info: Link coloring OFF on input line 6062.
Package hyperref Info: Link coloring with OCG OFF on input line 6067.
Package hyperref Info: PDF/A mode OFF on input line 6072.
 (f:/seldom_used_app/latex/texlive/2025/texmf-dist/tex/latex/base/atbegshi-ltx.sty
Package: atbegshi-ltx 2021/01/10 v1.0c Emulation of the original atbegshi
package with kernel methods
)
\Hy@abspage=\count295
\c@Item=\count296
\c@Hfootnote=\count297
)
Package hyperref Info: Driver (autodetected): hpdftex.
 (f:/seldom_used_app/latex/texlive/2025/texmf-dist/tex/latex/hyperref/hpdftex.def
File: hpdftex.def 2024-11-05 v7.01l Hyperref driver for pdfTeX
 (f:/seldom_used_app/latex/texlive/2025/texmf-dist/tex/latex/base/atveryend-ltx.sty
Package: atveryend-ltx 2020/08/19 v1.0a Emulation of the original atveryend package
with kernel methods
)
\Fld@listcount=\count298
\c@bookmark@seq@number=\count299
 (f:/seldom_used_app/latex/texlive/2025/texmf-dist/tex/latex/rerunfilecheck/rerunfilecheck.sty
Package: rerunfilecheck 2022-07-10 v1.10 Rerun checks for auxiliary files (HO)
 (f:/seldom_used_app/latex/texlive/2025/texmf-dist/tex/generic/uniquecounter/uniquecounter.sty
Package: uniquecounter 2019/12/15 v1.4 Provide unlimited unique counter (HO)
)
Package uniquecounter Info: New unique counter `rerunfilecheck' on input line 285.
)
\Hy@SectionHShift=\skip65
) (f:/seldom_used_app/latex/texlive/2025/texmf-dist/tex/latex/graphics/graphicx.sty
Package: graphicx 2021/09/16 v1.2d Enhanced LaTeX Graphics (DPC,SPQR)
 (f:/seldom_used_app/latex/texlive/2025/texmf-dist/tex/latex/graphics/graphics.sty
Package: graphics 2024/08/06 v1.4g Standard LaTeX Graphics (DPC,SPQR)
 (f:/seldom_used_app/latex/texlive/2025/texmf-dist/tex/latex/graphics/trig.sty
Package: trig 2023/12/02 v1.11 sin cos tan (DPC)
) (f:/seldom_used_app/latex/texlive/2025/texmf-dist/tex/latex/graphics-cfg/graphics.cfg
File: graphics.cfg 2016/06/04 v1.11 sample graphics configuration
)
Package graphics Info: Driver file: pdftex.def on input line 106.
)
\Gin@req@height=\dimen160
\Gin@req@width=\dimen161
) (f:/seldom_used_app/latex/texlive/2025/texmf-dist/tex/latex/booktabs/booktabs.sty
Package: booktabs 2020/01/12 v1.61803398 Publication quality tables
\heavyrulewidth=\dimen162
\lightrulewidth=\dimen163
\cmidrulewidth=\dimen164
\belowrulesep=\dimen165
\belowbottomsep=\dimen166
\aboverulesep=\dimen167
\abovetopsep=\dimen168
\cmidrulesep=\dimen169
\cmidrulekern=\dimen170
\defaultaddspace=\dimen171
\@cmidla=\count300
\@cmidlb=\count301
\@aboverulesep=\dimen172
\@belowrulesep=\dimen173
\@thisruleclass=\count302
\@lastruleclass=\count303
\@thisrulewidth=\dimen174
) (f:/seldom_used_app/latex/texlive/2025/texmf-dist/tex/latex/algorithms/algorithm.sty
Package: algorithm 2009/08/24 v0.1 Document Style `algorithm' - floating environment
 (f:/seldom_used_app/latex/texlive/2025/texmf-dist/tex/latex/float/float.sty
Package: float 2001/11/08 v1.3d Float enhancements (AL)
\c@float@type=\count304
\float@exts=\toks23
\float@box=\box56
\@float@everytoks=\toks24
\@floatcapt=\box57
) (f:/seldom_used_app/latex/texlive/2025/texmf-dist/tex/latex/base/ifthen.sty
Package: ifthen 2024/03/16 v1.1e Standard LaTeX ifthen package (DPC)
)
\@float@every@algorithm=\toks25
\c@algorithm=\count305
) (f:/seldom_used_app/latex/texlive/2025/texmf-dist/tex/latex/algorithms/algorithmic.sty
Package: algorithmic 2009/08/24 v0.1 Document Style `algorithmic'
\c@ALC@unique=\count306
\c@ALC@line=\count307
\c@ALC@rem=\count308
\c@ALC@depth=\count309
\ALC@tlm=\skip66
\algorithmicindent=\skip67
)
LaTeX Font Info:    Trying to load font information for OT1+ptm on input line 26.
 (f:/seldom_used_app/latex/texlive/2025/texmf-dist/tex/latex/psnfss/ot1ptm.fd
File: ot1ptm.fd 2001/06/04 font definitions for OT1/ptm.
) (f:/seldom_used_app/latex/texlive/2025/texmf-dist/tex/latex/l3backend/l3backend-pdftex.def
File: l3backend-pdftex.def 2024-05-08 L3 backend support: PDF output (pdfTeX)
\l__color_backend_stack_int=\count310
\l__pdf_internal_box=\box58
) (./report_hull_tactical.aux)
\openout1 = `report_hull_tactical.aux'.

LaTeX Font Info:    Checking defaults for OML/cmm/m/it on input line 26.
LaTeX Font Info:    ... okay on input line 26.
LaTeX Font Info:    Checking defaults for OMS/cmsy/m/n on input line 26.
LaTeX Font Info:    ... okay on input line 26.
LaTeX Font Info:    Checking defaults for OT1/cmr/m/n on input line 26.
LaTeX Font Info:    ... okay on input line 26.
LaTeX Font Info:    Checking defaults for T1/cmr/m/n on input line 26.
LaTeX Font Info:    ... okay on input line 26.
LaTeX Font Info:    Checking defaults for TS1/cmr/m/n on input line 26.
LaTeX Font Info:    ... okay on input line 26.
LaTeX Font Info:    Checking defaults for OMX/cmex/m/n on input line 26.
LaTeX Font Info:    ... okay on input line 26.
LaTeX Font Info:    Checking defaults for U/cmr/m/n on input line 26.
LaTeX Font Info:    ... okay on input line 26.
LaTeX Font Info:    Checking defaults for PD1/pdf/m/n on input line 26.
LaTeX Font Info:    ... okay on input line 26.
LaTeX Font Info:    Checking defaults for PU/pdf/m/n on input line 26.
LaTeX Font Info:    ... okay on input line 26.
 (f:/seldom_used_app/latex/texlive/2025/texmf-dist/tex/context/base/mkii/supp-pdf.mkii
[Loading MPS to PDF converter (version 2006.09.02).]
\scratchcounter=\count311
\scratchdimen=\dimen175
\scratchbox=\box59
\nofMPsegments=\count312
\nofMParguments=\count313
\everyMPshowfont=\toks26
\MPscratchCnt=\count314
\MPscratchDim=\dimen176
\MPnumerator=\count315
\makeMPintoPDFobject=\count316
\everyMPtoPDFconversion=\toks27
) (f:/seldom_used_app/latex/texlive/2025/texmf-dist/tex/latex/epstopdf-pkg/epstopdf-base.sty
Package: epstopdf-base 2020-01-24 v2.11 Base part for package epstopdf
Package epstopdf-base Info: Redefining graphics rule for `.eps' on input line 485.
 (f:/seldom_used_app/latex/texlive/2025/texmf-dist/tex/latex/latexconfig/epstopdf-sys.cfg
File: epstopdf-sys.cfg 2010/07/13 v1.3 Configuration of (r)epstopdf for TeX Live
))
Package hyperref Info: Link coloring OFF on input line 26.
\@outlinefile=\write3
\openout3 = `report_hull_tactical.out'.

LaTeX Font Info:    Trying to load font information for U+msa on input line 29.
 (f:/seldom_used_app/latex/texlive/2025/texmf-dist/tex/latex/amsfonts/umsa.fd
File: umsa.fd 2013/01/14 v3.01 AMS symbols A
)
LaTeX Font Info:    Trying to load font information for U+msb on input line 29.
 (f:/seldom_used_app/latex/texlive/2025/texmf-dist/tex/latex/amsfonts/umsb.fd
File: umsb.fd 2013/01/14 v3.01 AMS symbols B
)

f:/OneDrive_Files/OneDrive - CUHK-Shenzhen/onedrive_container/TASKS/USING_Term3.1/DDA3020/Assignment/Project/iclr2026/report_hull_tactical.tex:31: LaTeX Error: Unicode character æœ¬ (U+672C)
               not set up for use with LaTeX.

See the LaTeX manual or LaTeX Companion for explanation.
Type  H <return>  for immediate help.
 ...                                              
                                                  
l.31 æœ¬
        æŠ¥å‘Šæ¢è®¨äº†Hull Tacticalå¸‚åœºé¢„æµ‹ç«èµ›ä¸­çš„æŠ•èµ„ç»„åˆæƒé...
You may provide a definition with
\DeclareUnicodeCharacter 


f:/OneDrive_Files/OneDrive - CUHK-Shenzhen/onedrive_container/TASKS/USING_Term3.1/DDA3020/Assignment/Project/iclr2026/report_hull_tactical.tex:31: LaTeX Error: Unicode character æŠ¥ (U+62A5)
               not set up for use with LaTeX.

See the LaTeX manual or LaTeX Companion for explanation.
Type  H <return>  for immediate help.
 ...                                              
                                                  
l.31 æœ¬æŠ¥
           å‘Šæ¢è®¨äº†Hull Tacticalå¸‚åœºé¢„æµ‹ç«èµ›ä¸­çš„æŠ•èµ„ç»„åˆæƒé...
You may provide a definition with
\DeclareUnicodeCharacter 


f:/OneDrive_Files/OneDrive - CUHK-Shenzhen/onedrive_container/TASKS/USING_Term3.1/DDA3020/Assignment/Project/iclr2026/report_hull_tactical.tex:31: LaTeX Error: Unicode character å‘Š (U+544A)
               not set up for use with LaTeX.

See the LaTeX manual or LaTeX Companion for explanation.
Type  H <return>  for immediate help.
 ...                                              
                                                  
l.31 æœ¬æŠ¥å‘Š
              æ¢è®¨äº†Hull Tacticalå¸‚åœºé¢„æµ‹ç«èµ›ä¸­çš„æŠ•èµ„ç»„åˆæƒé...
You may provide a definition with
\DeclareUnicodeCharacter 


f:/OneDrive_Files/OneDrive - CUHK-Shenzhen/onedrive_container/TASKS/USING_Term3.1/DDA3020/Assignment/Project/iclr2026/report_hull_tactical.tex:31: LaTeX Error: Unicode character æ¢ (U+63A2)
               not set up for use with LaTeX.

See the LaTeX manual or LaTeX Companion for explanation.
Type  H <return>  for immediate help.
 ...                                              
                                                  
l.31 æœ¬æŠ¥å‘Šæ¢
                 è®¨äº†Hull Tacticalå¸‚åœºé¢„æµ‹ç«èµ›ä¸­çš„æŠ•èµ„ç»„åˆæƒé...
You may provide a definition with
\DeclareUnicodeCharacter 


f:/OneDrive_Files/OneDrive - CUHK-Shenzhen/onedrive_container/TASKS/USING_Term3.1/DDA3020/Assignment/Project/iclr2026/report_hull_tactical.tex:31: LaTeX Error: Unicode character è®¨ (U+8BA8)
               not set up for use with LaTeX.

See the LaTeX manual or LaTeX Companion for explanation.
Type  H <return>  for immediate help.
 ...                                              
                                                  
l.31 æœ¬æŠ¥å‘Šæ¢è®¨
                    äº†Hull Tacticalå¸‚åœºé¢„æµ‹ç«èµ›ä¸­çš„æŠ•èµ„ç»„åˆæƒé...
You may provide a definition with
\DeclareUnicodeCharacter 


f:/OneDrive_Files/OneDrive - CUHK-Shenzhen/onedrive_container/TASKS/USING_Term3.1/DDA3020/Assignment/Project/iclr2026/report_hull_tactical.tex:31: LaTeX Error: Unicode character äº† (U+4E86)
               not set up for use with LaTeX.

See the LaTeX manual or LaTeX Companion for explanation.
Type  H <return>  for immediate help.
 ...                                              
                                                  
l.31 æœ¬æŠ¥å‘Šæ¢è®¨äº†
                       Hull Tacticalå¸‚åœºé¢„æµ‹ç«èµ›ä¸­çš„æŠ•èµ„ç»„åˆæƒé...
You may provide a definition with
\DeclareUnicodeCharacter 


f:/OneDrive_Files/OneDrive - CUHK-Shenzhen/onedrive_container/TASKS/USING_Term3.1/DDA3020/Assignment/Project/iclr2026/report_hull_tactical.tex:31: LaTeX Error: Unicode character å¸‚ (U+5E02)
               not set up for use with LaTeX.

See the LaTeX manual or LaTeX Companion for explanation.
Type  H <return>  for immediate help.
 ...                                              
                                                  
l.31 æœ¬æŠ¥å‘Šæ¢è®¨äº†Hull Tacticalå¸‚
                                       åœºé¢„æµ‹ç«èµ›ä¸­çš„æŠ•èµ„ç»„åˆæƒé...
You may provide a definition with
\DeclareUnicodeCharacter 


f:/OneDrive_Files/OneDrive - CUHK-Shenzhen/onedrive_container/TASKS/USING_Term3.1/DDA3020/Assignment/Project/iclr2026/report_hull_tactical.tex:31: LaTeX Error: Unicode character åœº (U+573A)
               not set up for use with LaTeX.

See the LaTeX manual or LaTeX Companion for explanation.
Type  H <return>  for immediate help.
 ...                                              
                                                  
l.31 æœ¬æŠ¥å‘Šæ¢è®¨äº†Hull Tacticalå¸‚åœº
                                          é¢„æµ‹ç«èµ›ä¸­çš„æŠ•èµ„ç»„åˆæƒé...
You may provide a definition with
\DeclareUnicodeCharacter 


f:/OneDrive_Files/OneDrive - CUHK-Shenzhen/onedrive_container/TASKS/USING_Term3.1/DDA3020/Assignment/Project/iclr2026/report_hull_tactical.tex:31: LaTeX Error: Unicode character é¢„ (U+9884)
               not set up for use with LaTeX.

See the LaTeX manual or LaTeX Companion for explanation.
Type  H <return>  for immediate help.
 ...                                              
                                                  
l.31 æœ¬æŠ¥å‘Šæ¢è®¨äº†Hull Tacticalå¸‚åœºé¢„
                                             æµ‹ç«èµ›ä¸­çš„æŠ•èµ„ç»„åˆæƒé...
You may provide a definition with
\DeclareUnicodeCharacter 


f:/OneDrive_Files/OneDrive - CUHK-Shenzhen/onedrive_container/TASKS/USING_Term3.1/DDA3020/Assignment/Project/iclr2026/report_hull_tactical.tex:31: LaTeX Error: Unicode character æµ‹ (U+6D4B)
               not set up for use with LaTeX.

See the LaTeX manual or LaTeX Companion for explanation.
Type  H <return>  for immediate help.
 ...                                              
                                                  
l.31 æœ¬æŠ¥å‘Šæ¢è®¨äº†Hull Tacticalå¸‚åœºé¢„æµ‹
                                                ç«èµ›ä¸­çš„æŠ•èµ„ç»„åˆæƒé...
You may provide a definition with
\DeclareUnicodeCharacter 


f:/OneDrive_Files/OneDrive - CUHK-Shenzhen/onedrive_container/TASKS/USING_Term3.1/DDA3020/Assignment/Project/iclr2026/report_hull_tactical.tex:31: LaTeX Error: Unicode character ç« (U+7ADE)
               not set up for use with LaTeX.

See the LaTeX manual or LaTeX Companion for explanation.
Type  H <return>  for immediate help.
 ...                                              
                                                  
l.31 ...Š¥å‘Šæ¢è®¨äº†Hull Tacticalå¸‚åœºé¢„æµ‹ç«
                                                  èµ›ä¸­çš„æŠ•èµ„ç»„åˆæƒé‡...
You may provide a definition with
\DeclareUnicodeCharacter 


f:/OneDrive_Files/OneDrive - CUHK-Shenzhen/onedrive_container/TASKS/USING_Term3.1/DDA3020/Assignment/Project/iclr2026/report_hull_tactical.tex:31: LaTeX Error: Unicode character èµ› (U+8D5B)
               not set up for use with LaTeX.

See the LaTeX manual or LaTeX Companion for explanation.
Type  H <return>  for immediate help.
 ...                                              
                                                  
l.31 ...‘Šæ¢è®¨äº†Hull Tacticalå¸‚åœºé¢„æµ‹ç«èµ›
                                                  ä¸­çš„æŠ•èµ„ç»„åˆæƒé‡ä¼...
You may provide a definition with
\DeclareUnicodeCharacter 


f:/OneDrive_Files/OneDrive - CUHK-Shenzhen/onedrive_container/TASKS/USING_Term3.1/DDA3020/Assignment/Project/iclr2026/report_hull_tactical.tex:31: LaTeX Error: Unicode character ä¸­ (U+4E2D)
               not set up for use with LaTeX.

See the LaTeX manual or LaTeX Companion for explanation.
Type  H <return>  for immediate help.
 ...                                              
                                                  
l.31 ...¢è®¨äº†Hull Tacticalå¸‚åœºé¢„æµ‹ç«èµ›ä¸­
                                                  çš„æŠ•èµ„ç»„åˆæƒé‡ä¼˜åŒ...
You may provide a definition with
\DeclareUnicodeCharacter 


f:/OneDrive_Files/OneDrive - CUHK-Shenzhen/onedrive_container/TASKS/USING_Term3.1/DDA3020/Assignment/Project/iclr2026/report_hull_tactical.tex:31: LaTeX Error: Unicode character çš„ (U+7684)
               not set up for use with LaTeX.

See the LaTeX manual or LaTeX Companion for explanation.
Type  H <return>  for immediate help.
 ...                                              
                                                  
l.31 ...®¨äº†Hull Tacticalå¸‚åœºé¢„æµ‹ç«èµ›ä¸­çš„
                                                  æŠ•èµ„ç»„åˆæƒé‡ä¼˜åŒ–é—...
You may provide a definition with
\DeclareUnicodeCharacter 


f:/OneDrive_Files/OneDrive - CUHK-Shenzhen/onedrive_container/TASKS/USING_Term3.1/DDA3020/Assignment/Project/iclr2026/report_hull_tactical.tex:31: LaTeX Error: Unicode character æŠ• (U+6295)
               not set up for use with LaTeX.

See the LaTeX manual or LaTeX Companion for explanation.
Type  H <return>  for immediate help.
 ...                                              
                                                  
l.31 ...º†Hull Tacticalå¸‚åœºé¢„æµ‹ç«èµ›ä¸­çš„æŠ•
                                                  èµ„ç»„åˆæƒé‡ä¼˜åŒ–é—®é¢...
You may provide a definition with
\DeclareUnicodeCharacter 


f:/OneDrive_Files/OneDrive - CUHK-Shenzhen/onedrive_container/TASKS/USING_Term3.1/DDA3020/Assignment/Project/iclr2026/report_hull_tactical.tex:31: LaTeX Error: Unicode character èµ„ (U+8D44)
               not set up for use with LaTeX.

See the LaTeX manual or LaTeX Companion for explanation.
Type  H <return>  for immediate help.
 ...                                              
                                                  
l.31 ...ull Tacticalå¸‚åœºé¢„æµ‹ç«èµ›ä¸­çš„æŠ•èµ„
                                                  ç»„åˆæƒé‡ä¼˜åŒ–é—®é¢˜ã€...
You may provide a definition with
\DeclareUnicodeCharacter 


f:/OneDrive_Files/OneDrive - CUHK-Shenzhen/onedrive_container/TASKS/USING_Term3.1/DDA3020/Assignment/Project/iclr2026/report_hull_tactical.tex:31: LaTeX Error: Unicode character ç»„ (U+7EC4)
               not set up for use with LaTeX.

See the LaTeX manual or LaTeX Companion for explanation.
Type  H <return>  for immediate help.
 ...                                              
                                                  
l.31 ... Tacticalå¸‚åœºé¢„æµ‹ç«èµ›ä¸­çš„æŠ•èµ„ç»„
                                                  åˆæƒé‡ä¼˜åŒ–é—®é¢˜ã€‚æˆ...
You may provide a definition with
\DeclareUnicodeCharacter 


f:/OneDrive_Files/OneDrive - CUHK-Shenzhen/onedrive_container/TASKS/USING_Term3.1/DDA3020/Assignment/Project/iclr2026/report_hull_tactical.tex:31: LaTeX Error: Unicode character åˆ (U+5408)
               not set up for use with LaTeX.

See the LaTeX manual or LaTeX Companion for explanation.
Type  H <return>  for immediate help.
 ...                                              
                                                  
l.31 ...cticalå¸‚åœºé¢„æµ‹ç«èµ›ä¸­çš„æŠ•èµ„ç»„åˆ
                                                  æƒé‡ä¼˜åŒ–é—®é¢˜ã€‚æˆ‘ä»...
You may provide a definition with
\DeclareUnicodeCharacter 


f:/OneDrive_Files/OneDrive - CUHK-Shenzhen/onedrive_container/TASKS/USING_Term3.1/DDA3020/Assignment/Project/iclr2026/report_hull_tactical.tex:31: LaTeX Error: Unicode character æƒ (U+6743)
               not set up for use with LaTeX.

See the LaTeX manual or LaTeX Companion for explanation.
Type  H <return>  for immediate help.
 ...                                              
                                                  
l.31 ...calå¸‚åœºé¢„æµ‹ç«èµ›ä¸­çš„æŠ•èµ„ç»„åˆæƒ
                                                  é‡ä¼˜åŒ–é—®é¢˜ã€‚æˆ‘ä»¬çš...
You may provide a definition with
\DeclareUnicodeCharacter 


f:/OneDrive_Files/OneDrive - CUHK-Shenzhen/onedrive_container/TASKS/USING_Term3.1/DDA3020/Assignment/Project/iclr2026/report_hull_tactical.tex:31: LaTeX Error: Unicode character é‡ (U+91CD)
               not set up for use with LaTeX.

See the LaTeX manual or LaTeX Companion for explanation.
Type  H <return>  for immediate help.
 ...                                              
                                                  
l.31 ...å¸‚åœºé¢„æµ‹ç«èµ›ä¸­çš„æŠ•èµ„ç»„åˆæƒé‡
                                                  ä¼˜åŒ–é—®é¢˜ã€‚æˆ‘ä»¬çš„ç›...
You may provide a definition with
\DeclareUnicodeCharacter 


f:/OneDrive_Files/OneDrive - CUHK-Shenzhen/onedrive_container/TASKS/USING_Term3.1/DDA3020/Assignment/Project/iclr2026/report_hull_tactical.tex:31: LaTeX Error: Unicode character ä¼˜ (U+4F18)
               not set up for use with LaTeX.

See the LaTeX manual or LaTeX Companion for explanation.
Type  H <return>  for immediate help.
 ...                                              
                                                  
l.31 ...åœºé¢„æµ‹ç«èµ›ä¸­çš„æŠ•èµ„ç»„åˆæƒé‡ä¼˜
                                                  åŒ–é—®é¢˜ã€‚æˆ‘ä»¬çš„ç›®æ ...
You may provide a definition with
\DeclareUnicodeCharacter 


f:/OneDrive_Files/OneDrive - CUHK-Shenzhen/onedrive_container/TASKS/USING_Term3.1/DDA3020/Assignment/Project/iclr2026/report_hull_tactical.tex:31: LaTeX Error: Unicode character åŒ– (U+5316)
               not set up for use with LaTeX.

See the LaTeX manual or LaTeX Companion for explanation.
Type  H <return>  for immediate help.
 ...                                              
                                                  
l.31 ...é¢„æµ‹ç«èµ›ä¸­çš„æŠ•èµ„ç»„åˆæƒé‡ä¼˜åŒ–
                                                  é—®é¢˜ã€‚æˆ‘ä»¬çš„ç›®æ ‡æ˜...
You may provide a definition with
\DeclareUnicodeCharacter 


f:/OneDrive_Files/OneDrive - CUHK-Shenzhen/onedrive_container/TASKS/USING_Term3.1/DDA3020/Assignment/Project/iclr2026/report_hull_tactical.tex:31: LaTeX Error: Unicode character é—® (U+95EE)
               not set up for use with LaTeX.

See the LaTeX manual or LaTeX Companion for explanation.
Type  H <return>  for immediate help.
 ...                                              
                                                  
l.31 ...æµ‹ç«èµ›ä¸­çš„æŠ•èµ„ç»„åˆæƒé‡ä¼˜åŒ–é—®
                                                  é¢˜ã€‚æˆ‘ä»¬çš„ç›®æ ‡æ˜¯é¢...
You may provide a definition with
\DeclareUnicodeCharacter 


f:/OneDrive_Files/OneDrive - CUHK-Shenzhen/onedrive_container/TASKS/USING_Term3.1/DDA3020/Assignment/Project/iclr2026/report_hull_tactical.tex:31: LaTeX Error: Unicode character é¢˜ (U+9898)
               not set up for use with LaTeX.

See the LaTeX manual or LaTeX Companion for explanation.
Type  H <return>  for immediate help.
 ...                                              
                                                  
l.31 ...ç«èµ›ä¸­çš„æŠ•èµ„ç»„åˆæƒé‡ä¼˜åŒ–é—®é¢˜
                                                  ã€‚æˆ‘ä»¬çš„ç›®æ ‡æ˜¯é¢„æµ...
You may provide a definition with
\DeclareUnicodeCharacter 


f:/OneDrive_Files/OneDrive - CUHK-Shenzhen/onedrive_container/TASKS/USING_Term3.1/DDA3020/Assignment/Project/iclr2026/report_hull_tactical.tex:31: LaTeX Error: Unicode character ã€‚ (U+3002)
               not set up for use with LaTeX.

See the LaTeX manual or LaTeX Companion for explanation.
Type  H <return>  for immediate help.
 ...                                              
                                                  
l.31 ...èµ›ä¸­çš„æŠ•èµ„ç»„åˆæƒé‡ä¼˜åŒ–é—®é¢˜ã€‚
                                                  æˆ‘ä»¬çš„ç›®æ ‡æ˜¯é¢„æµ‹æ ...
You may provide a definition with
\DeclareUnicodeCharacter 


f:/OneDrive_Files/OneDrive - CUHK-Shenzhen/onedrive_container/TASKS/USING_Term3.1/DDA3020/Assignment/Project/iclr2026/report_hull_tactical.tex:31: LaTeX Error: Unicode character æˆ‘ (U+6211)
               not set up for use with LaTeX.

See the LaTeX manual or LaTeX Companion for explanation.
Type  H <return>  for immediate help.
 ...                                              
                                                  
l.31 ...ä¸­çš„æŠ•èµ„ç»„åˆæƒé‡ä¼˜åŒ–é—®é¢˜ã€‚æˆ‘
                                                  ä»¬çš„ç›®æ ‡æ˜¯é¢„æµ‹æ ‡æ™...
You may provide a definition with
\DeclareUnicodeCharacter 


f:/OneDrive_Files/OneDrive - CUHK-Shenzhen/onedrive_container/TASKS/USING_Term3.1/DDA3020/Assignment/Project/iclr2026/report_hull_tactical.tex:31: LaTeX Error: Unicode character ä»¬ (U+4EEC)
               not set up for use with LaTeX.

See the LaTeX manual or LaTeX Companion for explanation.
Type  H <return>  for immediate help.
 ...                                              
                                                  
l.31 ...çš„æŠ•èµ„ç»„åˆæƒé‡ä¼˜åŒ–é—®é¢˜ã€‚æˆ‘ä»¬
                                                  çš„ç›®æ ‡æ˜¯é¢„æµ‹æ ‡æ™®50...
You may provide a definition with
\DeclareUnicodeCharacter 


f:/OneDrive_Files/OneDrive - CUHK-Shenzhen/onedrive_container/TASKS/USING_Term3.1/DDA3020/Assignment/Project/iclr2026/report_hull_tactical.tex:31: LaTeX Error: Unicode character çš„ (U+7684)
               not set up for use with LaTeX.

See the LaTeX manual or LaTeX Companion for explanation.
Type  H <return>  for immediate help.
 ...                                              
                                                  
l.31 ...æŠ•èµ„ç»„åˆæƒé‡ä¼˜åŒ–é—®é¢˜ã€‚æˆ‘ä»¬çš„
                                                  ç›®æ ‡æ˜¯é¢„æµ‹æ ‡æ™®500æŒ...
You may provide a definition with
\DeclareUnicodeCharacter 


f:/OneDrive_Files/OneDrive - CUHK-Shenzhen/onedrive_container/TASKS/USING_Term3.1/DDA3020/Assignment/Project/iclr2026/report_hull_tactical.tex:31: LaTeX Error: Unicode character ç›® (U+76EE)
               not set up for use with LaTeX.

See the LaTeX manual or LaTeX Companion for explanation.
Type  H <return>  for immediate help.
 ...                                              
                                                  
l.31 ...èµ„ç»„åˆæƒé‡ä¼˜åŒ–é—®é¢˜ã€‚æˆ‘ä»¬çš„ç›®
                                                  æ ‡æ˜¯é¢„æµ‹æ ‡æ™®500æŒ‡æ•...
You may provide a definition with
\DeclareUnicodeCharacter 


f:/OneDrive_Files/OneDrive - CUHK-Shenzhen/onedrive_container/TASKS/USING_Term3.1/DDA3020/Assignment/Project/iclr2026/report_hull_tactical.tex:31: LaTeX Error: Unicode character æ ‡ (U+6807)
               not set up for use with LaTeX.

See the LaTeX manual or LaTeX Companion for explanation.
Type  H <return>  for immediate help.
 ...                                              
                                                  
l.31 ...ç»„åˆæƒé‡ä¼˜åŒ–é—®é¢˜ã€‚æˆ‘ä»¬çš„ç›®æ ‡
                                                  æ˜¯é¢„æµ‹æ ‡æ™®500æŒ‡æ•°çš...
You may provide a definition with
\DeclareUnicodeCharacter 


f:/OneDrive_Files/OneDrive - CUHK-Shenzhen/onedrive_container/TASKS/USING_Term3.1/DDA3020/Assignment/Project/iclr2026/report_hull_tactical.tex:31: LaTeX Error: Unicode character æ˜¯ (U+662F)
               not set up for use with LaTeX.

See the LaTeX manual or LaTeX Companion for explanation.
Type  H <return>  for immediate help.
 ...                                              
                                                  
l.31 ...åˆæƒé‡ä¼˜åŒ–é—®é¢˜ã€‚æˆ‘ä»¬çš„ç›®æ ‡æ˜¯
                                                  é¢„æµ‹æ ‡æ™®500æŒ‡æ•°çš„æ¯...
You may provide a definition with
\DeclareUnicodeCharacter 


f:/OneDrive_Files/OneDrive - CUHK-Shenzhen/onedrive_container/TASKS/USING_Term3.1/DDA3020/Assignment/Project/iclr2026/report_hull_tactical.tex:31: LaTeX Error: Unicode character é¢„ (U+9884)
               not set up for use with LaTeX.

See the LaTeX manual or LaTeX Companion for explanation.
Type  H <return>  for immediate help.
 ...                                              
                                                  
l.31 ...æƒé‡ä¼˜åŒ–é—®é¢˜ã€‚æˆ‘ä»¬çš„ç›®æ ‡æ˜¯é¢„
                                                  æµ‹æ ‡æ™®500æŒ‡æ•°çš„æ¯æ—...
You may provide a definition with
\DeclareUnicodeCharacter 


f:/OneDrive_Files/OneDrive - CUHK-Shenzhen/onedrive_container/TASKS/USING_Term3.1/DDA3020/Assignment/Project/iclr2026/report_hull_tactical.tex:31: LaTeX Error: Unicode character æµ‹ (U+6D4B)
               not set up for use with LaTeX.

See the LaTeX manual or LaTeX Companion for explanation.
Type  H <return>  for immediate help.
 ...                                              
                                                  
l.31 ...é‡ä¼˜åŒ–é—®é¢˜ã€‚æˆ‘ä»¬çš„ç›®æ ‡æ˜¯é¢„æµ‹
                                                  æ ‡æ™®500æŒ‡æ•°çš„æ¯æ—¥æœ...
You may provide a definition with
\DeclareUnicodeCharacter 


f:/OneDrive_Files/OneDrive - CUHK-Shenzhen/onedrive_container/TASKS/USING_Term3.1/DDA3020/Assignment/Project/iclr2026/report_hull_tactical.tex:31: LaTeX Error: Unicode character æ ‡ (U+6807)
               not set up for use with LaTeX.

See the LaTeX manual or LaTeX Companion for explanation.
Type  H <return>  for immediate help.
 ...                                              
                                                  
l.31 ...ä¼˜åŒ–é—®é¢˜ã€‚æˆ‘ä»¬çš„ç›®æ ‡æ˜¯é¢„æµ‹æ ‡
                                                  æ™®500æŒ‡æ•°çš„æ¯æ—¥æœ€ä¼...
You may provide a definition with
\DeclareUnicodeCharacter 


f:/OneDrive_Files/OneDrive - CUHK-Shenzhen/onedrive_container/TASKS/USING_Term3.1/DDA3020/Assignment/Project/iclr2026/report_hull_tactical.tex:31: LaTeX Error: Unicode character æ™® (U+666E)
               not set up for use with LaTeX.

See the LaTeX manual or LaTeX Companion for explanation.
Type  H <return>  for immediate help.
 ...                                              
                                                  
l.31 ...åŒ–é—®é¢˜ã€‚æˆ‘ä»¬çš„ç›®æ ‡æ˜¯é¢„æµ‹æ ‡æ™®
                                                  500æŒ‡æ•°çš„æ¯æ—¥æœ€ä¼˜æŠ...
You may provide a definition with
\DeclareUnicodeCharacter 


f:/OneDrive_Files/OneDrive - CUHK-Shenzhen/onedrive_container/TASKS/USING_Term3.1/DDA3020/Assignment/Project/iclr2026/report_hull_tactical.tex:31: LaTeX Error: Unicode character æŒ‡ (U+6307)
               not set up for use with LaTeX.

See the LaTeX manual or LaTeX Companion for explanation.
Type  H <return>  for immediate help.
 ...                                              
                                                  
l.31 ...é¢˜ã€‚æˆ‘ä»¬çš„ç›®æ ‡æ˜¯é¢„æµ‹æ ‡æ™®500æŒ‡
                                                  æ•°çš„æ¯æ—¥æœ€ä¼˜æŠ•èµ„æ•...
You may provide a definition with
\DeclareUnicodeCharacter 


f:/OneDrive_Files/OneDrive - CUHK-Shenzhen/onedrive_container/TASKS/USING_Term3.1/DDA3020/Assignment/Project/iclr2026/report_hull_tactical.tex:31: LaTeX Error: Unicode character æ•° (U+6570)
               not set up for use with LaTeX.

See the LaTeX manual or LaTeX Companion for explanation.
Type  H <return>  for immediate help.
 ...                                              
                                                  
l.31 ...ã€‚æˆ‘ä»¬çš„ç›®æ ‡æ˜¯é¢„æµ‹æ ‡æ™®500æŒ‡æ•°
                                                  çš„æ¯æ—¥æœ€ä¼˜æŠ•èµ„æ•å...
You may provide a definition with
\DeclareUnicodeCharacter 


f:/OneDrive_Files/OneDrive - CUHK-Shenzhen/onedrive_container/TASKS/USING_Term3.1/DDA3020/Assignment/Project/iclr2026/report_hull_tactical.tex:31: LaTeX Error: Unicode character çš„ (U+7684)
               not set up for use with LaTeX.

See the LaTeX manual or LaTeX Companion for explanation.
Type  H <return>  for immediate help.
 ...                                              
                                                  
l.31 ...æˆ‘ä»¬çš„ç›®æ ‡æ˜¯é¢„æµ‹æ ‡æ™®500æŒ‡æ•°çš„
                                                  æ¯æ—¥æœ€ä¼˜æŠ•èµ„æ•å£æ...
You may provide a definition with
\DeclareUnicodeCharacter 


f:/OneDrive_Files/OneDrive - CUHK-Shenzhen/onedrive_container/TASKS/USING_Term3.1/DDA3020/Assignment/Project/iclr2026/report_hull_tactical.tex:31: LaTeX Error: Unicode character æ¯ (U+6BCF)
               not set up for use with LaTeX.

See the LaTeX manual or LaTeX Companion for explanation.
Type  H <return>  for immediate help.
 ...                                              
                                                  
l.31 ...ä»¬çš„ç›®æ ‡æ˜¯é¢„æµ‹æ ‡æ™®500æŒ‡æ•°çš„æ¯
                                                  æ—¥æœ€ä¼˜æŠ•èµ„æ•å£æƒé‡...
You may provide a definition with
\DeclareUnicodeCharacter 


f:/OneDrive_Files/OneDrive - CUHK-Shenzhen/onedrive_container/TASKS/USING_Term3.1/DDA3020/Assignment/Project/iclr2026/report_hull_tactical.tex:31: LaTeX Error: Unicode character æ—¥ (U+65E5)
               not set up for use with LaTeX.

See the LaTeX manual or LaTeX Companion for explanation.
Type  H <return>  for immediate help.
 ...                                              
                                                  
l.31 ...çš„ç›®æ ‡æ˜¯é¢„æµ‹æ ‡æ™®500æŒ‡æ•°çš„æ¯æ—¥
                                                  æœ€ä¼˜æŠ•èµ„æ•å£æƒé‡(0...
You may provide a definition with
\DeclareUnicodeCharacter 


f:/OneDrive_Files/OneDrive - CUHK-Shenzhen/onedrive_container/TASKS/USING_Term3.1/DDA3020/Assignment/Project/iclr2026/report_hull_tactical.tex:31: LaTeX Error: Unicode character æœ€ (U+6700)
               not set up for use with LaTeX.

See the LaTeX manual or LaTeX Companion for explanation.
Type  H <return>  for immediate help.
 ...                                              
                                                  
l.31 ...ç›®æ ‡æ˜¯é¢„æµ‹æ ‡æ™®500æŒ‡æ•°çš„æ¯æ—¥æœ€
                                                  ä¼˜æŠ•èµ„æ•å£æƒé‡(0-2ä...
You may provide a definition with
\DeclareUnicodeCharacter 


f:/OneDrive_Files/OneDrive - CUHK-Shenzhen/onedrive_container/TASKS/USING_Term3.1/DDA3020/Assignment/Project/iclr2026/report_hull_tactical.tex:31: LaTeX Error: Unicode character ä¼˜ (U+4F18)
               not set up for use with LaTeX.

See the LaTeX manual or LaTeX Companion for explanation.
Type  H <return>  for immediate help.
 ...                                              
                                                  
l.31 ...æ ‡æ˜¯é¢„æµ‹æ ‡æ™®500æŒ‡æ•°çš„æ¯æ—¥æœ€ä¼˜
                                                  æŠ•èµ„æ•å£æƒé‡(0-2ä¹‹é...
You may provide a definition with
\DeclareUnicodeCharacter 


f:/OneDrive_Files/OneDrive - CUHK-Shenzhen/onedrive_container/TASKS/USING_Term3.1/DDA3020/Assignment/Project/iclr2026/report_hull_tactical.tex:31: LaTeX Error: Unicode character æŠ• (U+6295)
               not set up for use with LaTeX.

See the LaTeX manual or LaTeX Companion for explanation.
Type  H <return>  for immediate help.
 ...                                              
                                                  
l.31 ...æ˜¯é¢„æµ‹æ ‡æ™®500æŒ‡æ•°çš„æ¯æ—¥æœ€ä¼˜æŠ•
                                                  èµ„æ•å£æƒé‡(0-2ä¹‹é—´)...
You may provide a definition with
\DeclareUnicodeCharacter 


f:/OneDrive_Files/OneDrive - CUHK-Shenzhen/onedrive_container/TASKS/USING_Term3.1/DDA3020/Assignment/Project/iclr2026/report_hull_tactical.tex:31: LaTeX Error: Unicode character èµ„ (U+8D44)
               not set up for use with LaTeX.

See the LaTeX manual or LaTeX Companion for explanation.
Type  H <return>  for immediate help.
 ...                                              
                                                  
l.31 ...é¢„æµ‹æ ‡æ™®500æŒ‡æ•°çš„æ¯æ—¥æœ€ä¼˜æŠ•èµ„
                                                  æ•å£æƒé‡(0-2ä¹‹é—´)ï¼Œ...
You may provide a definition with
\DeclareUnicodeCharacter 


f:/OneDrive_Files/OneDrive - CUHK-Shenzhen/onedrive_container/TASKS/USING_Term3.1/DDA3020/Assignment/Project/iclr2026/report_hull_tactical.tex:31: LaTeX Error: Unicode character æ• (U+655E)
               not set up for use with LaTeX.

See the LaTeX manual or LaTeX Companion for explanation.
Type  H <return>  for immediate help.
 ...                                              
                                                  
l.31 ...æµ‹æ ‡æ™®500æŒ‡æ•°çš„æ¯æ—¥æœ€ä¼˜æŠ•èµ„æ•
                                                  å£æƒé‡(0-2ä¹‹é—´)ï¼Œä»¥...
You may provide a definition with
\DeclareUnicodeCharacter 


f:/OneDrive_Files/OneDrive - CUHK-Shenzhen/onedrive_container/TASKS/USING_Term3.1/DDA3020/Assignment/Project/iclr2026/report_hull_tactical.tex:31: LaTeX Error: Unicode character å£ (U+53E3)
               not set up for use with LaTeX.

See the LaTeX manual or LaTeX Companion for explanation.
Type  H <return>  for immediate help.
 ...                                              
                                                  
l.31 ...æ ‡æ™®500æŒ‡æ•°çš„æ¯æ—¥æœ€ä¼˜æŠ•èµ„æ•å£
                                                  æƒé‡(0-2ä¹‹é—´)ï¼Œä»¥æœ€...
You may provide a definition with
\DeclareUnicodeCharacter 


f:/OneDrive_Files/OneDrive - CUHK-Shenzhen/onedrive_container/TASKS/USING_Term3.1/DDA3020/Assignment/Project/iclr2026/report_hull_tactical.tex:31: LaTeX Error: Unicode character æƒ (U+6743)
               not set up for use with LaTeX.

See the LaTeX manual or LaTeX Companion for explanation.
Type  H <return>  for immediate help.
 ...                                              
                                                  
l.31 ...æ™®500æŒ‡æ•°çš„æ¯æ—¥æœ€ä¼˜æŠ•èµ„æ•å£æƒ
                                                  é‡(0-2ä¹‹é—´)ï¼Œä»¥æœ€å¤§...
You may provide a definition with
\DeclareUnicodeCharacter 


f:/OneDrive_Files/OneDrive - CUHK-Shenzhen/onedrive_container/TASKS/USING_Term3.1/DDA3020/Assignment/Project/iclr2026/report_hull_tactical.tex:31: LaTeX Error: Unicode character é‡ (U+91CD)
               not set up for use with LaTeX.

See the LaTeX manual or LaTeX Companion for explanation.
Type  H <return>  for immediate help.
 ...                                              
                                                  
l.31 ...500æŒ‡æ•°çš„æ¯æ—¥æœ€ä¼˜æŠ•èµ„æ•å£æƒé‡
                                                  (0-2ä¹‹é—´)ï¼Œä»¥æœ€å¤§åŒ–...
You may provide a definition with
\DeclareUnicodeCharacter 


f:/OneDrive_Files/OneDrive - CUHK-Shenzhen/onedrive_container/TASKS/USING_Term3.1/DDA3020/Assignment/Project/iclr2026/report_hull_tactical.tex:31: LaTeX Error: Unicode character ä¹‹ (U+4E4B)
               not set up for use with LaTeX.

See the LaTeX manual or LaTeX Companion for explanation.
Type  H <return>  for immediate help.
 ...                                              
                                                  
l.31 ...•°çš„æ¯æ—¥æœ€ä¼˜æŠ•èµ„æ•å£æƒé‡(0-2ä¹‹
                                                  é—´)ï¼Œä»¥æœ€å¤§åŒ–æ³¢åŠ¨ç...
You may provide a definition with
\DeclareUnicodeCharacter 


f:/OneDrive_Files/OneDrive - CUHK-Shenzhen/onedrive_container/TASKS/USING_Term3.1/DDA3020/Assignment/Project/iclr2026/report_hull_tactical.tex:31: LaTeX Error: Unicode character é—´ (U+95F4)
               not set up for use with LaTeX.

See the LaTeX manual or LaTeX Companion for explanation.
Type  H <return>  for immediate help.
 ...                                              
                                                  
l.31 ...š„æ¯æ—¥æœ€ä¼˜æŠ•èµ„æ•å£æƒé‡(0-2ä¹‹é—´
                                                  )ï¼Œä»¥æœ€å¤§åŒ–æ³¢åŠ¨ç‡è...
You may provide a definition with
\DeclareUnicodeCharacter 


f:/OneDrive_Files/OneDrive - CUHK-Shenzhen/onedrive_container/TASKS/USING_Term3.1/DDA3020/Assignment/Project/iclr2026/report_hull_tactical.tex:31: LaTeX Error: Unicode character ï¼Œ (U+FF0C)
               not set up for use with LaTeX.

See the LaTeX manual or LaTeX Companion for explanation.
Type  H <return>  for immediate help.
 ...                                              
                                                  
l.31 ...æ—¥æœ€ä¼˜æŠ•èµ„æ•å£æƒé‡(0-2ä¹‹é—´)ï¼Œ
                                                  ä»¥æœ€å¤§åŒ–æ³¢åŠ¨ç‡è°ƒæ•...
You may provide a definition with
\DeclareUnicodeCharacter 


f:/OneDrive_Files/OneDrive - CUHK-Shenzhen/onedrive_container/TASKS/USING_Term3.1/DDA3020/Assignment/Project/iclr2026/report_hull_tactical.tex:31: LaTeX Error: Unicode character ä»¥ (U+4EE5)
               not set up for use with LaTeX.

See the LaTeX manual or LaTeX Companion for explanation.
Type  H <return>  for immediate help.
 ...                                              
                                                  
l.31 ...¥æœ€ä¼˜æŠ•èµ„æ•å£æƒé‡(0-2ä¹‹é—´)ï¼Œä»¥
                                                  æœ€å¤§åŒ–æ³¢åŠ¨ç‡è°ƒæ•´å...
You may provide a definition with
\DeclareUnicodeCharacter 


f:/OneDrive_Files/OneDrive - CUHK-Shenzhen/onedrive_container/TASKS/USING_Term3.1/DDA3020/Assignment/Project/iclr2026/report_hull_tactical.tex:31: LaTeX Error: Unicode character æœ€ (U+6700)
               not set up for use with LaTeX.

See the LaTeX manual or LaTeX Companion for explanation.
Type  H <return>  for immediate help.
 ...                                              
                                                  
l.31 ...€ä¼˜æŠ•èµ„æ•å£æƒé‡(0-2ä¹‹é—´)ï¼Œä»¥æœ€
                                                  å¤§åŒ–æ³¢åŠ¨ç‡è°ƒæ•´åçš...
You may provide a definition with
\DeclareUnicodeCharacter 


f:/OneDrive_Files/OneDrive - CUHK-Shenzhen/onedrive_container/TASKS/USING_Term3.1/DDA3020/Assignment/Project/iclr2026/report_hull_tactical.tex:31: LaTeX Error: Unicode character å¤§ (U+5927)
               not set up for use with LaTeX.

See the LaTeX manual or LaTeX Companion for explanation.
Type  H <return>  for immediate help.
 ...                                              
                                                  
l.31 ...˜æŠ•èµ„æ•å£æƒé‡(0-2ä¹‹é—´)ï¼Œä»¥æœ€å¤§
                                                  åŒ–æ³¢åŠ¨ç‡è°ƒæ•´åçš„å¤...
You may provide a definition with
\DeclareUnicodeCharacter 


f:/OneDrive_Files/OneDrive - CUHK-Shenzhen/onedrive_container/TASKS/USING_Term3.1/DDA3020/Assignment/Project/iclr2026/report_hull_tactical.tex:31: LaTeX Error: Unicode character åŒ– (U+5316)
               not set up for use with LaTeX.

See the LaTeX manual or LaTeX Companion for explanation.
Type  H <return>  for immediate help.
 ...                                              
                                                  
l.31 ...•èµ„æ•å£æƒé‡(0-2ä¹‹é—´)ï¼Œä»¥æœ€å¤§åŒ–
                                                  æ³¢åŠ¨ç‡è°ƒæ•´åçš„å¤æ™...
You may provide a definition with
\DeclareUnicodeCharacter 


f:/OneDrive_Files/OneDrive - CUHK-Shenzhen/onedrive_container/TASKS/USING_Term3.1/DDA3020/Assignment/Project/iclr2026/report_hull_tactical.tex:31: LaTeX Error: Unicode character æ³¢ (U+6CE2)
               not set up for use with LaTeX.

See the LaTeX manual or LaTeX Companion for explanation.
Type  H <return>  for immediate help.
 ...                                              
                                                  
l.31 ...„æ•å£æƒé‡(0-2ä¹‹é—´)ï¼Œä»¥æœ€å¤§åŒ–æ³¢
                                                  åŠ¨ç‡è°ƒæ•´åçš„å¤æ™®æ¯...
You may provide a definition with
\DeclareUnicodeCharacter 


f:/OneDrive_Files/OneDrive - CUHK-Shenzhen/onedrive_container/TASKS/USING_Term3.1/DDA3020/Assignment/Project/iclr2026/report_hull_tactical.tex:31: LaTeX Error: Unicode character åŠ¨ (U+52A8)
               not set up for use with LaTeX.

See the LaTeX manual or LaTeX Companion for explanation.
Type  H <return>  for immediate help.
 ...                                              
                                                  
l.31 ...å£æƒé‡(0-2ä¹‹é—´)ï¼Œä»¥æœ€å¤§åŒ–æ³¢åŠ¨
                                                  ç‡è°ƒæ•´åçš„å¤æ™®æ¯”ç...
You may provide a definition with
\DeclareUnicodeCharacter 


f:/OneDrive_Files/OneDrive - CUHK-Shenzhen/onedrive_container/TASKS/USING_Term3.1/DDA3020/Assignment/Project/iclr2026/report_hull_tactical.tex:31: LaTeX Error: Unicode character ç‡ (U+7387)
               not set up for use with LaTeX.

See the LaTeX manual or LaTeX Companion for explanation.
Type  H <return>  for immediate help.
 ...                                              
                                                  
l.31 ...£æƒé‡(0-2ä¹‹é—´)ï¼Œä»¥æœ€å¤§åŒ–æ³¢åŠ¨ç‡
                                                  è°ƒæ•´åçš„å¤æ™®æ¯”ç‡ã€...
You may provide a definition with
\DeclareUnicodeCharacter 


f:/OneDrive_Files/OneDrive - CUHK-Shenzhen/onedrive_container/TASKS/USING_Term3.1/DDA3020/Assignment/Project/iclr2026/report_hull_tactical.tex:31: LaTeX Error: Unicode character è°ƒ (U+8C03)
               not set up for use with LaTeX.

See the LaTeX manual or LaTeX Companion for explanation.
Type  H <return>  for immediate help.
 ...                                              
                                                  
l.31 ...ƒé‡(0-2ä¹‹é—´)ï¼Œä»¥æœ€å¤§åŒ–æ³¢åŠ¨ç‡è°ƒ
                                                  æ•´åçš„å¤æ™®æ¯”ç‡ã€‚æˆ...
You may provide a definition with
\DeclareUnicodeCharacter 


f:/OneDrive_Files/OneDrive - CUHK-Shenzhen/onedrive_container/TASKS/USING_Term3.1/DDA3020/Assignment/Project/iclr2026/report_hull_tactical.tex:31: LaTeX Error: Unicode character æ•´ (U+6574)
               not set up for use with LaTeX.

See the LaTeX manual or LaTeX Companion for explanation.
Type  H <return>  for immediate help.
 ...                                              
                                                  
l.31 ...(0-2ä¹‹é—´)ï¼Œä»¥æœ€å¤§åŒ–æ³¢åŠ¨ç‡è°ƒæ•´
                                                  åçš„å¤æ™®æ¯”ç‡ã€‚æˆ‘ä»...
You may provide a definition with
\DeclareUnicodeCharacter 


f:/OneDrive_Files/OneDrive - CUHK-Shenzhen/onedrive_container/TASKS/USING_Term3.1/DDA3020/Assignment/Project/iclr2026/report_hull_tactical.tex:31: LaTeX Error: Unicode character å (U+540E)
               not set up for use with LaTeX.

See the LaTeX manual or LaTeX Companion for explanation.
Type  H <return>  for immediate help.
 ...                                              
                                                  
l.31 ...-2ä¹‹é—´)ï¼Œä»¥æœ€å¤§åŒ–æ³¢åŠ¨ç‡è°ƒæ•´å
                                                  çš„å¤æ™®æ¯”ç‡ã€‚æˆ‘ä»¬é‡...
You may provide a definition with
\DeclareUnicodeCharacter 


f:/OneDrive_Files/OneDrive - CUHK-Shenzhen/onedrive_container/TASKS/USING_Term3.1/DDA3020/Assignment/Project/iclr2026/report_hull_tactical.tex:31: LaTeX Error: Unicode character çš„ (U+7684)
               not set up for use with LaTeX.

See the LaTeX manual or LaTeX Companion for explanation.
Type  H <return>  for immediate help.
 ...                                              
                                                  
l.31 ...¹‹é—´)ï¼Œä»¥æœ€å¤§åŒ–æ³¢åŠ¨ç‡è°ƒæ•´åçš„
                                                  å¤æ™®æ¯”ç‡ã€‚æˆ‘ä»¬é‡‡ç”...
You may provide a definition with
\DeclareUnicodeCharacter 


f:/OneDrive_Files/OneDrive - CUHK-Shenzhen/onedrive_container/TASKS/USING_Term3.1/DDA3020/Assignment/Project/iclr2026/report_hull_tactical.tex:31: LaTeX Error: Unicode character å¤ (U+590F)
               not set up for use with LaTeX.

See the LaTeX manual or LaTeX Companion for explanation.
Type  H <return>  for immediate help.
 ...                                              
                                                  
l.31 ...—´)ï¼Œä»¥æœ€å¤§åŒ–æ³¢åŠ¨ç‡è°ƒæ•´åçš„å¤
                                                  æ™®æ¯”ç‡ã€‚æˆ‘ä»¬é‡‡ç”¨äº...
You may provide a definition with
\DeclareUnicodeCharacter 


f:/OneDrive_Files/OneDrive - CUHK-Shenzhen/onedrive_container/TASKS/USING_Term3.1/DDA3020/Assignment/Project/iclr2026/report_hull_tactical.tex:31: LaTeX Error: Unicode character æ™® (U+666E)
               not set up for use with LaTeX.

See the LaTeX manual or LaTeX Companion for explanation.
Type  H <return>  for immediate help.
 ...                                              
                                                  
l.31 ...ï¼Œä»¥æœ€å¤§åŒ–æ³¢åŠ¨ç‡è°ƒæ•´åçš„å¤æ™®
                                                  æ¯”ç‡ã€‚æˆ‘ä»¬é‡‡ç”¨äº†å¤...
You may provide a definition with
\DeclareUnicodeCharacter 


f:/OneDrive_Files/OneDrive - CUHK-Shenzhen/onedrive_container/TASKS/USING_Term3.1/DDA3020/Assignment/Project/iclr2026/report_hull_tactical.tex:31: LaTeX Error: Unicode character æ¯” (U+6BD4)
               not set up for use with LaTeX.

See the LaTeX manual or LaTeX Companion for explanation.
Type  H <return>  for immediate help.
 ...                                              
                                                  
l.31 ...ä»¥æœ€å¤§åŒ–æ³¢åŠ¨ç‡è°ƒæ•´åçš„å¤æ™®æ¯”
                                                  ç‡ã€‚æˆ‘ä»¬é‡‡ç”¨äº†å¤šç§...
You may provide a definition with
\DeclareUnicodeCharacter 


f:/OneDrive_Files/OneDrive - CUHK-Shenzhen/onedrive_container/TASKS/USING_Term3.1/DDA3020/Assignment/Project/iclr2026/report_hull_tactical.tex:31: LaTeX Error: Unicode character ç‡ (U+7387)
               not set up for use with LaTeX.

See the LaTeX manual or LaTeX Companion for explanation.
Type  H <return>  for immediate help.
 ...                                              
                                                  
l.31 ...æœ€å¤§åŒ–æ³¢åŠ¨ç‡è°ƒæ•´åçš„å¤æ™®æ¯”ç‡
                                                  ã€‚æˆ‘ä»¬é‡‡ç”¨äº†å¤šç§æœ...
You may provide a definition with
\DeclareUnicodeCharacter 


f:/OneDrive_Files/OneDrive - CUHK-Shenzhen/onedrive_container/TASKS/USING_Term3.1/DDA3020/Assignment/Project/iclr2026/report_hull_tactical.tex:31: LaTeX Error: Unicode character ã€‚ (U+3002)
               not set up for use with LaTeX.

See the LaTeX manual or LaTeX Companion for explanation.
Type  H <return>  for immediate help.
 ...                                              
                                                  
l.31 ...å¤§åŒ–æ³¢åŠ¨ç‡è°ƒæ•´åçš„å¤æ™®æ¯”ç‡ã€‚
                                                  æˆ‘ä»¬é‡‡ç”¨äº†å¤šç§æœºå™...
You may provide a definition with
\DeclareUnicodeCharacter 


f:/OneDrive_Files/OneDrive - CUHK-Shenzhen/onedrive_container/TASKS/USING_Term3.1/DDA3020/Assignment/Project/iclr2026/report_hull_tactical.tex:31: LaTeX Error: Unicode character æˆ‘ (U+6211)
               not set up for use with LaTeX.

See the LaTeX manual or LaTeX Companion for explanation.
Type  H <return>  for immediate help.
 ...                                              
                                                  
l.31 ...åŒ–æ³¢åŠ¨ç‡è°ƒæ•´åçš„å¤æ™®æ¯”ç‡ã€‚æˆ‘
                                                  ä»¬é‡‡ç”¨äº†å¤šç§æœºå™¨å­...
You may provide a definition with
\DeclareUnicodeCharacter 


f:/OneDrive_Files/OneDrive - CUHK-Shenzhen/onedrive_container/TASKS/USING_Term3.1/DDA3020/Assignment/Project/iclr2026/report_hull_tactical.tex:31: LaTeX Error: Unicode character ä»¬ (U+4EEC)
               not set up for use with LaTeX.

See the LaTeX manual or LaTeX Companion for explanation.
Type  H <return>  for immediate help.
 ...                                              
                                                  
l.31 ...æ³¢åŠ¨ç‡è°ƒæ•´åçš„å¤æ™®æ¯”ç‡ã€‚æˆ‘ä»¬
                                                  é‡‡ç”¨äº†å¤šç§æœºå™¨å­¦ä¹...
You may provide a definition with
\DeclareUnicodeCharacter 


f:/OneDrive_Files/OneDrive - CUHK-Shenzhen/onedrive_container/TASKS/USING_Term3.1/DDA3020/Assignment/Project/iclr2026/report_hull_tactical.tex:31: LaTeX Error: Unicode character é‡‡ (U+91C7)
               not set up for use with LaTeX.

See the LaTeX manual or LaTeX Companion for explanation.
Type  H <return>  for immediate help.
 ...                                              
                                                  
l.31 ...åŠ¨ç‡è°ƒæ•´åçš„å¤æ™®æ¯”ç‡ã€‚æˆ‘ä»¬é‡‡
                                                  ç”¨äº†å¤šç§æœºå™¨å­¦ä¹ æ–...
You may provide a definition with
\DeclareUnicodeCharacter 


f:/OneDrive_Files/OneDrive - CUHK-Shenzhen/onedrive_container/TASKS/USING_Term3.1/DDA3020/Assignment/Project/iclr2026/report_hull_tactical.tex:31: LaTeX Error: Unicode character ç”¨ (U+7528)
               not set up for use with LaTeX.

See the LaTeX manual or LaTeX Companion for explanation.
Type  H <return>  for immediate help.
 ...                                              
                                                  
l.31 ...ç‡è°ƒæ•´åçš„å¤æ™®æ¯”ç‡ã€‚æˆ‘ä»¬é‡‡ç”¨
                                                  äº†å¤šç§æœºå™¨å­¦ä¹ æ–¹æ³...
You may provide a definition with
\DeclareUnicodeCharacter 


f:/OneDrive_Files/OneDrive - CUHK-Shenzhen/onedrive_container/TASKS/USING_Term3.1/DDA3020/Assignment/Project/iclr2026/report_hull_tactical.tex:31: LaTeX Error: Unicode character äº† (U+4E86)
               not set up for use with LaTeX.

See the LaTeX manual or LaTeX Companion for explanation.
Type  H <return>  for immediate help.
 ...                                              
                                                  
l.31 ...è°ƒæ•´åçš„å¤æ™®æ¯”ç‡ã€‚æˆ‘ä»¬é‡‡ç”¨äº†
                                                  å¤šç§æœºå™¨å­¦ä¹ æ–¹æ³•ï¼...
You may provide a definition with
\DeclareUnicodeCharacter 


f:/OneDrive_Files/OneDrive - CUHK-Shenzhen/onedrive_container/TASKS/USING_Term3.1/DDA3020/Assignment/Project/iclr2026/report_hull_tactical.tex:31: LaTeX Error: Unicode character å¤š (U+591A)
               not set up for use with LaTeX.

See the LaTeX manual or LaTeX Companion for explanation.
Type  H <return>  for immediate help.
 ...                                              
                                                  
l.31 ...æ•´åçš„å¤æ™®æ¯”ç‡ã€‚æˆ‘ä»¬é‡‡ç”¨äº†å¤š
                                                  ç§æœºå™¨å­¦ä¹ æ–¹æ³•ï¼ŒåŒ...
You may provide a definition with
\DeclareUnicodeCharacter 


f:/OneDrive_Files/OneDrive - CUHK-Shenzhen/onedrive_container/TASKS/USING_Term3.1/DDA3020/Assignment/Project/iclr2026/report_hull_tactical.tex:31: LaTeX Error: Unicode character ç§ (U+79CD)
               not set up for use with LaTeX.

See the LaTeX manual or LaTeX Companion for explanation.
Type  H <return>  for immediate help.
 ...                                              
                                                  
l.31 ...åçš„å¤æ™®æ¯”ç‡ã€‚æˆ‘ä»¬é‡‡ç”¨äº†å¤šç§
                                                  æœºå™¨å­¦ä¹ æ–¹æ³•ï¼ŒåŒ…æ‹...
You may provide a definition with
\DeclareUnicodeCharacter 


f:/OneDrive_Files/OneDrive - CUHK-Shenzhen/onedrive_container/TASKS/USING_Term3.1/DDA3020/Assignment/Project/iclr2026/report_hull_tactical.tex:31: LaTeX Error: Unicode character æœº (U+673A)
               not set up for use with LaTeX.

See the LaTeX manual or LaTeX Companion for explanation.
Type  H <return>  for immediate help.
 ...                                              
                                                  
l.31 ...çš„å¤æ™®æ¯”ç‡ã€‚æˆ‘ä»¬é‡‡ç”¨äº†å¤šç§æœº
                                                  å™¨å­¦ä¹ æ–¹æ³•ï¼ŒåŒ…æ‹¬Li...
You may provide a definition with
\DeclareUnicodeCharacter 


f:/OneDrive_Files/OneDrive - CUHK-Shenzhen/onedrive_container/TASKS/USING_Term3.1/DDA3020/Assignment/Project/iclr2026/report_hull_tactical.tex:31: LaTeX Error: Unicode character å™¨ (U+5668)
               not set up for use with LaTeX.

See the LaTeX manual or LaTeX Companion for explanation.
Type  H <return>  for immediate help.
 ...                                              
                                                  
l.31 ...å¤æ™®æ¯”ç‡ã€‚æˆ‘ä»¬é‡‡ç”¨äº†å¤šç§æœºå™¨
                                                  å­¦ä¹ æ–¹æ³•ï¼ŒåŒ…æ‹¬Light...
You may provide a definition with
\DeclareUnicodeCharacter 


f:/OneDrive_Files/OneDrive - CUHK-Shenzhen/onedrive_container/TASKS/USING_Term3.1/DDA3020/Assignment/Project/iclr2026/report_hull_tactical.tex:31: LaTeX Error: Unicode character å­¦ (U+5B66)
               not set up for use with LaTeX.

See the LaTeX manual or LaTeX Companion for explanation.
Type  H <return>  for immediate help.
 ...                                              
                                                  
l.31 ...æ™®æ¯”ç‡ã€‚æˆ‘ä»¬é‡‡ç”¨äº†å¤šç§æœºå™¨å­¦
                                                  ä¹ æ–¹æ³•ï¼ŒåŒ…æ‹¬LightGBM...
You may provide a definition with
\DeclareUnicodeCharacter 


f:/OneDrive_Files/OneDrive - CUHK-Shenzhen/onedrive_container/TASKS/USING_Term3.1/DDA3020/Assignment/Project/iclr2026/report_hull_tactical.tex:31: LaTeX Error: Unicode character ä¹  (U+4E60)
               not set up for use with LaTeX.

See the LaTeX manual or LaTeX Companion for explanation.
Type  H <return>  for immediate help.
 ...                                              
                                                  
l.31 ...æ¯”ç‡ã€‚æˆ‘ä»¬é‡‡ç”¨äº†å¤šç§æœºå™¨å­¦ä¹ 
                                                  æ–¹æ³•ï¼ŒåŒ…æ‹¬LightGBMã€...
You may provide a definition with
\DeclareUnicodeCharacter 


f:/OneDrive_Files/OneDrive - CUHK-Shenzhen/onedrive_container/TASKS/USING_Term3.1/DDA3020/Assignment/Project/iclr2026/report_hull_tactical.tex:31: LaTeX Error: Unicode character æ–¹ (U+65B9)
               not set up for use with LaTeX.

See the LaTeX manual or LaTeX Companion for explanation.
Type  H <return>  for immediate help.
 ...                                              
                                                  
l.31 ...ç‡ã€‚æˆ‘ä»¬é‡‡ç”¨äº†å¤šç§æœºå™¨å­¦ä¹ æ–¹
                                                  æ³•ï¼ŒåŒ…æ‹¬LightGBMã€éš...
You may provide a definition with
\DeclareUnicodeCharacter 


f:/OneDrive_Files/OneDrive - CUHK-Shenzhen/onedrive_container/TASKS/USING_Term3.1/DDA3020/Assignment/Project/iclr2026/report_hull_tactical.tex:31: LaTeX Error: Unicode character æ³• (U+6CD5)
               not set up for use with LaTeX.

See the LaTeX manual or LaTeX Companion for explanation.
Type  H <return>  for immediate help.
 ...                                              
                                                  
l.31 ...ã€‚æˆ‘ä»¬é‡‡ç”¨äº†å¤šç§æœºå™¨å­¦ä¹ æ–¹æ³•
                                                  ï¼ŒåŒ…æ‹¬LightGBMã€éšæœº...
You may provide a definition with
\DeclareUnicodeCharacter 


f:/OneDrive_Files/OneDrive - CUHK-Shenzhen/onedrive_container/TASKS/USING_Term3.1/DDA3020/Assignment/Project/iclr2026/report_hull_tactical.tex:31: LaTeX Error: Unicode character ï¼Œ (U+FF0C)
               not set up for use with LaTeX.

See the LaTeX manual or LaTeX Companion for explanation.
Type  H <return>  for immediate help.
 ...                                              
                                                  
l.31 ...æˆ‘ä»¬é‡‡ç”¨äº†å¤šç§æœºå™¨å­¦ä¹ æ–¹æ³•ï¼Œ
                                                  åŒ…æ‹¬LightGBMã€éšæœºæ£®...
You may provide a definition with
\DeclareUnicodeCharacter 


f:/OneDrive_Files/OneDrive - CUHK-Shenzhen/onedrive_container/TASKS/USING_Term3.1/DDA3020/Assignment/Project/iclr2026/report_hull_tactical.tex:31: LaTeX Error: Unicode character åŒ… (U+5305)
               not set up for use with LaTeX.

See the LaTeX manual or LaTeX Companion for explanation.
Type  H <return>  for immediate help.
 ...                                              
                                                  
l.31 ...ä»¬é‡‡ç”¨äº†å¤šç§æœºå™¨å­¦ä¹ æ–¹æ³•ï¼ŒåŒ…
                                                  æ‹¬LightGBMã€éšæœºæ£®æ—...
You may provide a definition with
\DeclareUnicodeCharacter 


f:/OneDrive_Files/OneDrive - CUHK-Shenzhen/onedrive_container/TASKS/USING_Term3.1/DDA3020/Assignment/Project/iclr2026/report_hull_tactical.tex:31: LaTeX Error: Unicode character æ‹¬ (U+62EC)
               not set up for use with LaTeX.

See the LaTeX manual or LaTeX Companion for explanation.
Type  H <return>  for immediate help.
 ...                                              
                                                  
l.31 ...é‡‡ç”¨äº†å¤šç§æœºå™¨å­¦ä¹ æ–¹æ³•ï¼ŒåŒ…æ‹¬
                                                  LightGBMã€éšæœºæ£®æ—å’Œ...
You may provide a definition with
\DeclareUnicodeCharacter 


f:/OneDrive_Files/OneDrive - CUHK-Shenzhen/onedrive_container/TASKS/USING_Term3.1/DDA3020/Assignment/Project/iclr2026/report_hull_tactical.tex:31: LaTeX Error: Unicode character ã€ (U+3001)
               not set up for use with LaTeX.

See the LaTeX manual or LaTeX Companion for explanation.
Type  H <return>  for immediate help.
 ...                                              
                                                  
l.31 ...šç§æœºå™¨å­¦ä¹ æ–¹æ³•ï¼ŒåŒ…æ‹¬LightGBMã€
                                                  éšæœºæ£®æ—å’Œæ¢¯åº¦æå...
You may provide a definition with
\DeclareUnicodeCharacter 


f:/OneDrive_Files/OneDrive - CUHK-Shenzhen/onedrive_container/TASKS/USING_Term3.1/DDA3020/Assignment/Project/iclr2026/report_hull_tactical.tex:31: LaTeX Error: Unicode character éš (U+968F)
               not set up for use with LaTeX.

See the LaTeX manual or LaTeX Companion for explanation.
Type  H <return>  for immediate help.
 ...                                              
                                                  
l.31 ...æœºå™¨å­¦ä¹ æ–¹æ³•ï¼ŒåŒ…æ‹¬LightGBMã€éš
                                                  æœºæ£®æ—å’Œæ¢¯åº¦æå‡ç­...
You may provide a definition with
\DeclareUnicodeCharacter 


f:/OneDrive_Files/OneDrive - CUHK-Shenzhen/onedrive_container/TASKS/USING_Term3.1/DDA3020/Assignment/Project/iclr2026/report_hull_tactical.tex:31: LaTeX Error: Unicode character æœº (U+673A)
               not set up for use with LaTeX.

See the LaTeX manual or LaTeX Companion for explanation.
Type  H <return>  for immediate help.
 ...                                              
                                                  
l.31 ...ºå™¨å­¦ä¹ æ–¹æ³•ï¼ŒåŒ…æ‹¬LightGBMã€éšæœº
                                                  æ£®æ—å’Œæ¢¯åº¦æå‡ç­‰é›...
You may provide a definition with
\DeclareUnicodeCharacter 


f:/OneDrive_Files/OneDrive - CUHK-Shenzhen/onedrive_container/TASKS/USING_Term3.1/DDA3020/Assignment/Project/iclr2026/report_hull_tactical.tex:31: LaTeX Error: Unicode character æ£® (U+68EE)
               not set up for use with LaTeX.

See the LaTeX manual or LaTeX Companion for explanation.
Type  H <return>  for immediate help.
 ...                                              
                                                  
l.31 ...¨å­¦ä¹ æ–¹æ³•ï¼ŒåŒ…æ‹¬LightGBMã€éšæœºæ£®
                                                  æ—å’Œæ¢¯åº¦æå‡ç­‰é›†æˆ...
You may provide a definition with
\DeclareUnicodeCharacter 


f:/OneDrive_Files/OneDrive - CUHK-Shenzhen/onedrive_container/TASKS/USING_Term3.1/DDA3020/Assignment/Project/iclr2026/report_hull_tactical.tex:31: LaTeX Error: Unicode character æ— (U+6797)
               not set up for use with LaTeX.

See the LaTeX manual or LaTeX Companion for explanation.
Type  H <return>  for immediate help.
 ...                                              
                                                  
l.31 ...¦ä¹ æ–¹æ³•ï¼ŒåŒ…æ‹¬LightGBMã€éšæœºæ£®æ—
                                                  å’Œæ¢¯åº¦æå‡ç­‰é›†æˆå­...
You may provide a definition with
\DeclareUnicodeCharacter 


f:/OneDrive_Files/OneDrive - CUHK-Shenzhen/onedrive_container/TASKS/USING_Term3.1/DDA3020/Assignment/Project/iclr2026/report_hull_tactical.tex:31: LaTeX Error: Unicode character å’Œ (U+548C)
               not set up for use with LaTeX.

See the LaTeX manual or LaTeX Companion for explanation.
Type  H <return>  for immediate help.
 ...                                              
                                                  
l.31 ... æ–¹æ³•ï¼ŒåŒ…æ‹¬LightGBMã€éšæœºæ£®æ—å’Œ
                                                  æ¢¯åº¦æå‡ç­‰é›†æˆå­¦ä¹...
You may provide a definition with
\DeclareUnicodeCharacter 


f:/OneDrive_Files/OneDrive - CUHK-Shenzhen/onedrive_container/TASKS/USING_Term3.1/DDA3020/Assignment/Project/iclr2026/report_hull_tactical.tex:31: LaTeX Error: Unicode character æ¢¯ (U+68AF)
               not set up for use with LaTeX.

See the LaTeX manual or LaTeX Companion for explanation.
Type  H <return>  for immediate help.
 ...                                              
                                                  
l.31 ...¹æ³•ï¼ŒåŒ…æ‹¬LightGBMã€éšæœºæ£®æ—å’Œæ¢¯
                                                  åº¦æå‡ç­‰é›†æˆå­¦ä¹ ç®...
You may provide a definition with
\DeclareUnicodeCharacter 


f:/OneDrive_Files/OneDrive - CUHK-Shenzhen/onedrive_container/TASKS/USING_Term3.1/DDA3020/Assignment/Project/iclr2026/report_hull_tactical.tex:31: LaTeX Error: Unicode character åº¦ (U+5EA6)
               not set up for use with LaTeX.

See the LaTeX manual or LaTeX Companion for explanation.
Type  H <return>  for immediate help.
 ...                                              
                                                  
l.31 ...•ï¼ŒåŒ…æ‹¬LightGBMã€éšæœºæ£®æ—å’Œæ¢¯åº¦
                                                  æå‡ç­‰é›†æˆå­¦ä¹ ç®—æ³...
You may provide a definition with
\DeclareUnicodeCharacter 


f:/OneDrive_Files/OneDrive - CUHK-Shenzhen/onedrive_container/TASKS/USING_Term3.1/DDA3020/Assignment/Project/iclr2026/report_hull_tactical.tex:31: LaTeX Error: Unicode character æ (U+63D0)
               not set up for use with LaTeX.

See the LaTeX manual or LaTeX Companion for explanation.
Type  H <return>  for immediate help.
 ...                                              
                                                  
l.31 ...ŒåŒ…æ‹¬LightGBMã€éšæœºæ£®æ—å’Œæ¢¯åº¦æ
                                                  å‡ç­‰é›†æˆå­¦ä¹ ç®—æ³•ï¼...
You may provide a definition with
\DeclareUnicodeCharacter 


f:/OneDrive_Files/OneDrive - CUHK-Shenzhen/onedrive_container/TASKS/USING_Term3.1/DDA3020/Assignment/Project/iclr2026/report_hull_tactical.tex:31: LaTeX Error: Unicode character å‡ (U+5347)
               not set up for use with LaTeX.

See the LaTeX manual or LaTeX Companion for explanation.
Type  H <return>  for immediate help.
 ...                                              
                                                  
l.31 ...…æ‹¬LightGBMã€éšæœºæ£®æ—å’Œæ¢¯åº¦æå‡
                                                  ç­‰é›†æˆå­¦ä¹ ç®—æ³•ï¼Œç»...
You may provide a definition with
\DeclareUnicodeCharacter 


f:/OneDrive_Files/OneDrive - CUHK-Shenzhen/onedrive_container/TASKS/USING_Term3.1/DDA3020/Assignment/Project/iclr2026/report_hull_tactical.tex:31: LaTeX Error: Unicode character ç­‰ (U+7B49)
               not set up for use with LaTeX.

See the LaTeX manual or LaTeX Companion for explanation.
Type  H <return>  for immediate help.
 ...                                              
                                                  
l.31 ...¬LightGBMã€éšæœºæ£®æ—å’Œæ¢¯åº¦æå‡ç­‰
                                                  é›†æˆå­¦ä¹ ç®—æ³•ï¼Œç»“å...
You may provide a definition with
\DeclareUnicodeCharacter 


f:/OneDrive_Files/OneDrive - CUHK-Shenzhen/onedrive_container/TASKS/USING_Term3.1/DDA3020/Assignment/Project/iclr2026/report_hull_tactical.tex:31: LaTeX Error: Unicode character é›† (U+96C6)
               not set up for use with LaTeX.

See the LaTeX manual or LaTeX Companion for explanation.
Type  H <return>  for immediate help.
 ...                                              
                                                  
l.31 ...ghtGBMã€éšæœºæ£®æ—å’Œæ¢¯åº¦æå‡ç­‰é›†
                                                  æˆå­¦ä¹ ç®—æ³•ï¼Œç»“åˆç‰...
You may provide a definition with
\DeclareUnicodeCharacter 


f:/OneDrive_Files/OneDrive - CUHK-Shenzhen/onedrive_container/TASKS/USING_Term3.1/DDA3020/Assignment/Project/iclr2026/report_hull_tactical.tex:31: LaTeX Error: Unicode character æˆ (U+6210)
               not set up for use with LaTeX.

See the LaTeX manual or LaTeX Companion for explanation.
Type  H <return>  for immediate help.
 ...                                              
                                                  
l.31 ...GBMã€éšæœºæ£®æ—å’Œæ¢¯åº¦æå‡ç­‰é›†æˆ
                                                  å­¦ä¹ ç®—æ³•ï¼Œç»“åˆç‰¹å¾...
You may provide a definition with
\DeclareUnicodeCharacter 


f:/OneDrive_Files/OneDrive - CUHK-Shenzhen/onedrive_container/TASKS/USING_Term3.1/DDA3020/Assignment/Project/iclr2026/report_hull_tactical.tex:31: LaTeX Error: Unicode character å­¦ (U+5B66)
               not set up for use with LaTeX.

See the LaTeX manual or LaTeX Companion for explanation.
Type  H <return>  for immediate help.
 ...                                              
                                                  
l.31 ...ã€éšæœºæ£®æ—å’Œæ¢¯åº¦æå‡ç­‰é›†æˆå­¦
                                                  ä¹ ç®—æ³•ï¼Œç»“åˆç‰¹å¾å·...
You may provide a definition with
\DeclareUnicodeCharacter 


f:/OneDrive_Files/OneDrive - CUHK-Shenzhen/onedrive_container/TASKS/USING_Term3.1/DDA3020/Assignment/Project/iclr2026/report_hull_tactical.tex:31: LaTeX Error: Unicode character ä¹  (U+4E60)
               not set up for use with LaTeX.

See the LaTeX manual or LaTeX Companion for explanation.
Type  H <return>  for immediate help.
 ...                                              
                                                  
l.31 ...éšæœºæ£®æ—å’Œæ¢¯åº¦æå‡ç­‰é›†æˆå­¦ä¹ 
                                                  ç®—æ³•ï¼Œç»“åˆç‰¹å¾å·¥ç¨...
You may provide a definition with
\DeclareUnicodeCharacter 


f:/OneDrive_Files/OneDrive - CUHK-Shenzhen/onedrive_container/TASKS/USING_Term3.1/DDA3020/Assignment/Project/iclr2026/report_hull_tactical.tex:31: LaTeX Error: Unicode character ç®— (U+7B97)
               not set up for use with LaTeX.

See the LaTeX manual or LaTeX Companion for explanation.
Type  H <return>  for immediate help.
 ...                                              
                                                  
l.31 ...æœºæ£®æ—å’Œæ¢¯åº¦æå‡ç­‰é›†æˆå­¦ä¹ ç®—
                                                  æ³•ï¼Œç»“åˆç‰¹å¾å·¥ç¨‹å’...
You may provide a definition with
\DeclareUnicodeCharacter 


f:/OneDrive_Files/OneDrive - CUHK-Shenzhen/onedrive_container/TASKS/USING_Term3.1/DDA3020/Assignment/Project/iclr2026/report_hull_tactical.tex:31: LaTeX Error: Unicode character æ³• (U+6CD5)
               not set up for use with LaTeX.

See the LaTeX manual or LaTeX Companion for explanation.
Type  H <return>  for immediate help.
 ...                                              
                                                  
l.31 ...æ£®æ—å’Œæ¢¯åº¦æå‡ç­‰é›†æˆå­¦ä¹ ç®—æ³•
                                                  ï¼Œç»“åˆç‰¹å¾å·¥ç¨‹å’Œæ—...
You may provide a definition with
\DeclareUnicodeCharacter 


f:/OneDrive_Files/OneDrive - CUHK-Shenzhen/onedrive_container/TASKS/USING_Term3.1/DDA3020/Assignment/Project/iclr2026/report_hull_tactical.tex:31: LaTeX Error: Unicode character ï¼Œ (U+FF0C)
               not set up for use with LaTeX.

See the LaTeX manual or LaTeX Companion for explanation.
Type  H <return>  for immediate help.
 ...                                              
                                                  
l.31 ...æ—å’Œæ¢¯åº¦æå‡ç­‰é›†æˆå­¦ä¹ ç®—æ³•ï¼Œ
                                                  ç»“åˆç‰¹å¾å·¥ç¨‹å’Œæ—¶é—...
You may provide a definition with
\DeclareUnicodeCharacter 


f:/OneDrive_Files/OneDrive - CUHK-Shenzhen/onedrive_container/TASKS/USING_Term3.1/DDA3020/Assignment/Project/iclr2026/report_hull_tactical.tex:31: LaTeX Error: Unicode character ç»“ (U+7ED3)
               not set up for use with LaTeX.

See the LaTeX manual or LaTeX Companion for explanation.
Type  H <return>  for immediate help.
 ...                                              
                                                  
l.31 ...å’Œæ¢¯åº¦æå‡ç­‰é›†æˆå­¦ä¹ ç®—æ³•ï¼Œç»“
                                                  åˆç‰¹å¾å·¥ç¨‹å’Œæ—¶é—´åº...
You may provide a definition with
\DeclareUnicodeCharacter 


f:/OneDrive_Files/OneDrive - CUHK-Shenzhen/onedrive_container/TASKS/USING_Term3.1/DDA3020/Assignment/Project/iclr2026/report_hull_tactical.tex:31: LaTeX Error: Unicode character åˆ (U+5408)
               not set up for use with LaTeX.

See the LaTeX manual or LaTeX Companion for explanation.
Type  H <return>  for immediate help.
 ...                                              
                                                  
l.31 ...æ¢¯åº¦æå‡ç­‰é›†æˆå­¦ä¹ ç®—æ³•ï¼Œç»“åˆ
                                                  ç‰¹å¾å·¥ç¨‹å’Œæ—¶é—´åºåˆ...
You may provide a definition with
\DeclareUnicodeCharacter 


f:/OneDrive_Files/OneDrive - CUHK-Shenzhen/onedrive_container/TASKS/USING_Term3.1/DDA3020/Assignment/Project/iclr2026/report_hull_tactical.tex:31: LaTeX Error: Unicode character ç‰¹ (U+7279)
               not set up for use with LaTeX.

See the LaTeX manual or LaTeX Companion for explanation.
Type  H <return>  for immediate help.
 ...                                              
                                                  
l.31 ...åº¦æå‡ç­‰é›†æˆå­¦ä¹ ç®—æ³•ï¼Œç»“åˆç‰¹
                                                  å¾å·¥ç¨‹å’Œæ—¶é—´åºåˆ—äº...
You may provide a definition with
\DeclareUnicodeCharacter 


f:/OneDrive_Files/OneDrive - CUHK-Shenzhen/onedrive_container/TASKS/USING_Term3.1/DDA3020/Assignment/Project/iclr2026/report_hull_tactical.tex:31: LaTeX Error: Unicode character å¾ (U+5F81)
               not set up for use with LaTeX.

See the LaTeX manual or LaTeX Companion for explanation.
Type  H <return>  for immediate help.
 ...                                              
                                                  
l.31 ...æå‡ç­‰é›†æˆå­¦ä¹ ç®—æ³•ï¼Œç»“åˆç‰¹å¾
                                                  å·¥ç¨‹å’Œæ—¶é—´åºåˆ—äº¤å...
You may provide a definition with
\DeclareUnicodeCharacter 


f:/OneDrive_Files/OneDrive - CUHK-Shenzhen/onedrive_container/TASKS/USING_Term3.1/DDA3020/Assignment/Project/iclr2026/report_hull_tactical.tex:31: LaTeX Error: Unicode character å·¥ (U+5DE5)
               not set up for use with LaTeX.

See the LaTeX manual or LaTeX Companion for explanation.
Type  H <return>  for immediate help.
 ...                                              
                                                  
l.31 ...å‡ç­‰é›†æˆå­¦ä¹ ç®—æ³•ï¼Œç»“åˆç‰¹å¾å·¥
                                                  ç¨‹å’Œæ—¶é—´åºåˆ—äº¤å‰éª...
(That makes 100 errors; please try again.) 
Here is how much of TeX's memory you used:
 11344 strings out of 473190
 169551 string characters out of 5708516
 572934 words of memory out of 5000000
 34447 multiletter control sequences out of 15000+600000
 567176 words of font info for 60 fonts, out of 8000000 for 9000
 1141 hyphenation exceptions out of 8191
 75i,8n,79p,762b,177s stack positions out of 10000i,1000n,20000p,200000b,200000s

f:/OneDrive_Files/OneDrive - CUHK-Shenzhen/onedrive_container/TASKS/USING_Term3.1/DDA3020/Assignment/Project/iclr2026/report_hull_tactical.tex:31:  ==> Fatal error occurred, no output PDF file produced!
